[0m[[0m[0minfo[0m] [0m[0m[32mActorSystemSpec:[0m[0m
[0m[[0m[0minfo[0m] [0m[0m[32mAn Echo actor[0m[0m
[0m[[0m[0minfo[0m] [0m[0m[31m- must send back messages unchanged *** FAILED ***[0m[0m
[0m[[0m[0minfo[0m] [0m[0m[31m  java.lang.AssertionError: assertion failed: timeout (3 seconds) during expectMsg while waiting for Future(Success(List(1)))[0m[0m
[0m[[0m[0minfo[0m] [0m[0m[31m  at scala.Predef$.assert(Predef.scala:223)[0m[0m
[0m[[0m[0minfo[0m] [0m[0m[31m  at akka.testkit.TestKitBase.expectMsg_internal(TestKit.scala:401)[0m[0m
[0m[[0m[0minfo[0m] [0m[0m[31m  at akka.testkit.TestKitBase.expectMsg(TestKit.scala:378)[0m[0m
[0m[[0m[0minfo[0m] [0m[0m[31m  at akka.testkit.TestKitBase.expectMsg$(TestKit.scala:378)[0m[0m
[0m[[0m[0minfo[0m] [0m[0m[31m  at akka.testkit.TestKit.expectMsg(TestKit.scala:895)[0m[0m
[0m[[0m[0minfo[0m] [0m[0m[31m  at com.knoldus.akka.ActorSystemSpec.$anonfun$new$2(ActorSystemSpec.scala:52)[0m[0m
[0m[[0m[0minfo[0m] [0m[0m[31m  at org.scalatest.OutcomeOf.outcomeOf(OutcomeOf.scala:85)[0m[0m
[0m[[0m[0minfo[0m] [0m[0m[31m  at org.scalatest.OutcomeOf.outcomeOf$(OutcomeOf.scala:83)[0m[0m
[0m[[0m[0minfo[0m] [0m[0m[31m  at org.scalatest.OutcomeOf$.outcomeOf(OutcomeOf.scala:104)[0m[0m
[0m[[0m[0minfo[0m] [0m[0m[31m  at org.scalatest.Transformer.apply(Transformer.scala:22)[0m[0m
[0m[[0m[0minfo[0m] [0m[0m[31m  ...[0m[0m
