[0m[[0m[0mdebug[0m] [0m[0mRunning TaskDef(com.knoldus.DB.UserClickDBServiceSpec, org.scalatest.tools.Framework$$anon$1@73c60b39, false, [SuiteSelector])[0m
[0m[[0m[0mdebug[0m] [0m[0mRunning TaskDef(com.knoldus.DB.UserDetailsDBServiceSpec, org.scalatest.tools.Framework$$anon$1@73c60b39, false, [SuiteSelector])[0m
[0m[[0m[0mdebug[0m] [0m[0mRunning TaskDef(com.knoldus.akka.ActorSystemSpec, org.scalatest.tools.Framework$$anon$1@73c60b39, false, [SuiteSelector])[0m
[0m[[0m[0minfo[0m] [0m[0m[36mRun completed in 4 seconds, 292 milliseconds.[0m[0m
[0m[[0m[0minfo[0m] [0m[0m[36mTotal number of tests run: 3[0m[0m
[0m[[0m[0minfo[0m] [0m[0m[36mSuites: completed 3, aborted 0[0m[0m
[0m[[0m[0minfo[0m] [0m[0m[36mTests: succeeded 2, failed 1, canceled 0, ignored 0, pending 0[0m[0m
[0m[[0m[0minfo[0m] [0m[0m[31m*** 1 TEST FAILED ***[0m[0m
[0m[[0m[0mdebug[0m] [0m[0mPassed tests:[0m
[0m[[0m[0mdebug[0m] [0m[0m	com.knoldus.DB.UserDetailsDBServiceSpec[0m
[0m[[0m[0mdebug[0m] [0m[0m	com.knoldus.DB.UserClickDBServiceSpec[0m
[0m[[0m[31merror[0m] [0m[0mFailed tests:[0m
[0m[[0m[31merror[0m] [0m[0m	com.knoldus.akka.ActorSystemSpec[0m
[0m[[0m[31merror[0m] [0m[0m(Test / [31mtest[0m) sbt.TestsFailedException: Tests unsuccessful[0m
